[28Feb2025 00:05:04.982] [Server thread/WARN] [net.minecraft.server.level.ServerLevel/]: Tried to add entity boh:herobrine but it was marked as removed already
[28Feb2025 00:06:43.034] [Server thread/WARN] [net.minecraft.server.level.ServerLevel/]: Tried to add entity boh:herobrine but it was marked as removed already
[28Feb2025 00:11:58.585] [Server thread/WARN] [net.minecraft.server.level.ServerPlayerGameMode/]: Mismatch in destroy block pos: BlockPos{x=929, y=51, z=668} BlockPos{x=928, y=50, z=668}
[28Feb2025 00:12:53.557] [Server thread/INFO] [net.minecraft.server.MinecraftServer/]: [Liraanto: Teleported Liraanto to 936.500000, 105.500000, 583.500000]
[28Feb2025 00:19:51.260] [Server thread/INFO] [net.minecraft.server.MinecraftServer/]: [Liraanto: Teleported Liraanto to 677.500000, 117.500000, -347.500000]
[28Feb2025 00:20:12.278] [Server thread/INFO] [net.minecraft.server.MinecraftServer/]: [Liraanto: Teleported Liraanto to 737.500000, 110.500000, -281.500000]
[28Feb2025 00:20:31.302] [Server thread/INFO] [net.minecraft.server.MinecraftServer/]: [Liraanto: Teleported Liraanto to 970.500000, 105.500000, 560.500000]
[28Feb2025 00:31:11.986] [Server thread/INFO] [net.minecraft.server.MinecraftServer/]: [Liraanto: Teleported Liraanto to 677.500000, 117.500000, -347.500000]
[28Feb2025 00:31:56.799] [Server thread/INFO] [net.minecraft.server.MinecraftServer/]: [Liraanto: Teleported Liraanto to 998.500000, 103.500000, 564.500000]
[28Feb2025 00:44:24.235] [Server thread/WARN] [net.minecraft.server.level.ServerPlayerGameMode/]: Mismatch in destroy block pos: BlockPos{x=998, y=105, z=557} BlockPos{x=999, y=104, z=556}
[28Feb2025 00:44:24.289] [Server thread/WARN] [net.minecraft.server.level.ServerPlayerGameMode/]: Mismatch in destroy block pos: BlockPos{x=998, y=105, z=557} BlockPos{x=999, y=104, z=556}
[28Feb2025 00:44:24.337] [Server thread/WARN] [net.minecraft.server.level.ServerPlayerGameMode/]: Mismatch in destroy block pos: BlockPos{x=998, y=105, z=557} BlockPos{x=999, y=104, z=556}
[28Feb2025 00:46:27.240] [Server thread/INFO] [net.minecraft.server.MinecraftServer/]: [Liraanto: Teleported Liraanto to 677.500000, 117.500000, -347.500000]
[28Feb2025 00:47:29.212] [Server thread/INFO] [net.minecraft.server.MinecraftServer/]: [Liraanto: Teleported Liraanto to 1000.500000, 102.500000, 562.500000]
[28Feb2025 00:59:59.810] [Server thread/INFO] [net.minecraft.server.MinecraftServer/]: [Liraanto: Teleported Liraanto to 677.500000, 117.500000, -347.500000]
[28Feb2025 01:02:39.596] [Server thread/INFO] [net.minecraft.server.MinecraftServer/]: [Liraanto: Teleported Liraanto to 982.500000, 101.500000, 514.500000]
[28Feb2025 01:12:37.635] [Server thread/WARN] [net.minecraft.server.level.ServerPlayerGameMode/]: Mismatch in destroy block pos: BlockPos{x=1018, y=103, z=618} BlockPos{x=1017, y=102, z=619}
[28Feb2025 01:12:37.686] [Server thread/WARN] [net.minecraft.server.level.ServerPlayerGameMode/]: Mismatch in destroy block pos: BlockPos{x=1018, y=103, z=618} BlockPos{x=1017, y=102, z=619}
[28Feb2025 01:15:10.625] [Server thread/INFO] [net.minecraft.server.MinecraftServer/]: [Liraanto: Teleported Liraanto to 677.500000, 117.500000, -347.500000]
[28Feb2025 01:15:43.122] [Server thread/INFO] [net.minecraft.world.entity.npc.Villager/]: Villager Villager['Unemployed'/45740, l='ServerLevel[world]', x=626.77, y=107.00, z=-265.17] died, message: 'Unemployed was burnt to a crisp whilst fighting Zombie'
[28Feb2025 01:15:56.746] [Server thread/INFO] [net.minecraft.server.MinecraftServer/]: [Liraanto: Teleported Liraanto to 978.500000, 104.500000, 560.500000]
[28Feb2025 01:26:46.896] [Server thread/WARN] [net.minecraft.server.level.ServerPlayerGameMode/]: Mismatch in destroy block pos: BlockPos{x=1060, y=103, z=538} BlockPos{x=1061, y=103, z=538}
[28Feb2025 01:26:46.942] [Server thread/WARN] [net.minecraft.server.level.ServerPlayerGameMode/]: Mismatch in destroy block pos: BlockPos{x=1060, y=103, z=537} BlockPos{x=1061, y=103, z=538}
[28Feb2025 01:26:46.952] [Server thread/WARN] [net.minecraft.server.level.ServerPlayerGameMode/]: Mismatch in destroy block pos: BlockPos{x=1060, y=103, z=536} BlockPos{x=1061, y=103, z=538}
[28Feb2025 01:26:48.056] [Server thread/WARN] [net.minecraft.server.level.ServerPlayerGameMode/]: Mismatch in destroy block pos: BlockPos{x=1063, y=103, z=538} BlockPos{x=1064, y=103, z=539}
[28Feb2025 01:26:48.141] [Server thread/WARN] [net.minecraft.server.level.ServerPlayerGameMode/]: Mismatch in destroy block pos: BlockPos{x=1063, y=103, z=538} BlockPos{x=1064, y=103, z=539}
[28Feb2025 01:26:48.158] [Server thread/WARN] [net.minecraft.server.level.ServerPlayerGameMode/]: Mismatch in destroy block pos: BlockPos{x=1062, y=103, z=536} BlockPos{x=1064, y=103, z=539}
[28Feb2025 01:28:33.604] [Server thread/INFO] [net.minecraft.server.MinecraftServer/]: [Liraanto: Teleported Liraanto to 677.500000, 117.500000, -347.500000]
[28Feb2025 01:28:50.177] [Server thread/INFO] [net.minecraft.server.network.ServerGamePacketListenerImpl/]: Liraanto lost connection: Disconnected
[28Feb2025 01:28:50.177] [Server thread/INFO] [net.minecraft.server.MinecraftServer/]: Liraanto left the game
[28Feb2025 01:28:50.178] [Server thread/INFO] [net.nicguzzo.wands.WandsMod/]: remove player wand
[28Feb2025 01:29:07.114] [Server thread/INFO] [net.minecraft.server.MinecraftServer/]: Stopping the server
[28Feb2025 01:29:07.163] [Config file watcher thread/INFO] [portb.configlib.ConfigLib/]: Watcher has shut down
[28Feb2025 01:29:07.164] [Server thread/INFO] [net.minecraft.server.MinecraftServer/]: Stopping server
[28Feb2025 01:29:07.165] [Server thread/INFO] [net.minecraft.server.MinecraftServer/]: Saving players
[28Feb2025 01:29:07.165] [Server thread/INFO] [net.minecraft.server.MinecraftServer/]: Saving worlds
[28Feb2025 01:29:07.253] [Server thread/INFO] [net.minecraft.server.MinecraftServer/]: Saving chunks for level 'ServerLevel[world]'/minecraft:overworld
[28Feb2025 01:29:07.352] [Server thread/INFO] [net.minecraft.server.MinecraftServer/]: Saving chunks for level 'ServerLevel[world]'/minecraft:the_nether
[28Feb2025 01:29:07.353] [Server thread/INFO] [net.minecraft.server.MinecraftServer/]: Saving chunks for level 'ServerLevel[world]'/the_backrooms_loxor:level_2
[28Feb2025 01:29:07.353] [Server thread/INFO] [net.minecraft.server.MinecraftServer/]: Saving chunks for level 'ServerLevel[world]'/the_backrooms_loxor:level_0
[28Feb2025 01:29:07.354] [Server thread/INFO] [net.minecraft.server.MinecraftServer/]: Saving chunks for level 'ServerLevel[world]'/minecraft:the_end
[28Feb2025 01:29:07.354] [Server thread/INFO] [net.minecraft.server.MinecraftServer/]: Saving chunks for level 'ServerLevel[world]'/boh:level_0
[28Feb2025 01:29:07.355] [Server thread/INFO] [net.minecraft.server.MinecraftServer/]: Saving chunks for level 'ServerLevel[world]'/aether:the_aether
[28Feb2025 01:29:07.355] [Server thread/INFO] [net.minecraft.server.MinecraftServer/]: Saving chunks for level 'ServerLevel[world]'/boh:boiler_room_dimension
[28Feb2025 01:29:07.356] [Server thread/INFO] [net.minecraft.server.MinecraftServer/]: Saving chunks for level 'ServerLevel[world]'/boh:gaster_dimension
[28Feb2025 01:29:07.356] [Server thread/INFO] [net.minecraft.server.MinecraftServer/]: Saving chunks for level 'ServerLevel[world]'/the_backrooms_loxor:level_5
[28Feb2025 01:29:07.357] [Server thread/INFO] [net.minecraft.server.MinecraftServer/]: Saving chunks for level 'ServerLevel[world]'/the_backrooms_loxor:level_3
[28Feb2025 01:29:07.358] [Server thread/INFO] [net.minecraft.server.MinecraftServer/]: Saving chunks for level 'ServerLevel[world]'/the_backrooms_loxor:level_1
[28Feb2025 01:29:07.358] [Server thread/INFO] [net.minecraft.server.MinecraftServer/]: Saving chunks for level 'ServerLevel[world]'/the_backrooms_loxor:level_4
[28Feb2025 01:29:07.359] [Server thread/INFO] [net.minecraft.server.MinecraftServer/]: Saving chunks for level 'ServerLevel[world]'/deeperdarker:otherside
[28Feb2025 01:29:07.459] [Server thread/INFO] [net.minecraft.server.MinecraftServer/]: ThreadedAnvilChunkStorage (world): All chunks are saved
[28Feb2025 01:29:07.459] [Server thread/INFO] [net.minecraft.server.MinecraftServer/]: ThreadedAnvilChunkStorage (DIM-1): All chunks are saved
[28Feb2025 01:29:07.459] [Server thread/INFO] [net.minecraft.server.MinecraftServer/]: ThreadedAnvilChunkStorage (level_2): All chunks are saved
[28Feb2025 01:29:07.460] [Server thread/INFO] [net.minecraft.server.MinecraftServer/]: ThreadedAnvilChunkStorage (level_0): All chunks are saved
[28Feb2025 01:29:07.460] [Server thread/INFO] [net.minecraft.server.MinecraftServer/]: ThreadedAnvilChunkStorage (DIM1): All chunks are saved
[28Feb2025 01:29:07.460] [Server thread/INFO] [net.minecraft.server.MinecraftServer/]: ThreadedAnvilChunkStorage (level_0): All chunks are saved
[28Feb2025 01:29:07.460] [Server thread/INFO] [net.minecraft.server.MinecraftServer/]: ThreadedAnvilChunkStorage (the_aether): All chunks are saved
[28Feb2025 01:29:07.460] [Server thread/INFO] [net.minecraft.server.MinecraftServer/]: ThreadedAnvilChunkStorage (boiler_room_dimension): All chunks are saved
[28Feb2025 01:29:07.460] [Server thread/INFO] [net.minecraft.server.MinecraftServer/]: ThreadedAnvilChunkStorage (gaster_dimension): All chunks are saved
[28Feb2025 01:29:07.460] [Server thread/INFO] [net.minecraft.server.MinecraftServer/]: ThreadedAnvilChunkStorage (level_5): All chunks are saved
[28Feb2025 01:29:07.460] [Server thread/INFO] [net.minecraft.server.MinecraftServer/]: ThreadedAnvilChunkStorage (level_3): All chunks are saved
[28Feb2025 01:29:07.460] [Server thread/INFO] [net.minecraft.server.MinecraftServer/]: ThreadedAnvilChunkStorage (level_1): All chunks are saved
[28Feb2025 01:29:07.461] [Server thread/INFO] [net.minecraft.server.MinecraftServer/]: ThreadedAnvilChunkStorage (level_4): All chunks are saved
[28Feb2025 01:29:07.461] [Server thread/INFO] [net.minecraft.server.MinecraftServer/]: ThreadedAnvilChunkStorage (otherside): All chunks are saved
[28Feb2025 01:29:07.461] [Server thread/INFO] [net.minecraft.server.MinecraftServer/]: ThreadedAnvilChunkStorage: All dimensions are saved
[28Feb2025 01:29:07.491] [Server thread/INFO] [Framework/]: Unloading server configs...
[28Feb2025 01:29:07.493] [Server thread/INFO] [Framework/]: Sending config unload event for refurbished_furniture.server.toml
[28Feb2025 01:29:07.496] [Server thread/INFO] [Framework/]: Finished unloading server configs
